#
# There is insufficient memory for the Java Runtime Environment to continue.
# Native memory allocation (mmap) failed to map 333447168 bytes for G1 virtual space
# Possible reasons:
#   The system is out of physical RAM or swap space
#   The process is running with CompressedOops enabled, and the Java Heap may be blocking the growth of the native heap
# Possible solutions:
#   Reduce memory load on the system
#   Increase physical memory or swap space
#   Check if swap backing store is full
#   Decrease Java heap size (-Xmx/-Xms)
#   Decrease number of Java threads
#   Decrease Java thread stack sizes (-Xss)
#   Set larger code cache with -XX:ReservedCodeCacheSize=
#   JVM is running with Unscaled Compressed Oops mode in which the Java heap is
#     placed in the first 4GB address space. The Java Heap base address is the
#     maximum limit for the native heap growth. Please use -XX:HeapBaseMinAddress
#     to set the Java Heap base and to place the Java Heap above 4GB virtual address.
# This output file may be truncated or incomplete.
#
#  Out of Memory Error (os_windows.cpp:3769), pid=8696, tid=15916
#
# JRE version:  (17.0.6) (build )
# Java VM: OpenJDK 64-Bit Server VM (17.0.6+0-b2043.56-10027231, mixed mode, sharing, tiered, compressed oops, compressed class ptrs, g1 gc, windows-amd64)
# No core dump will be written. Minidumps are not enabled by default on client versions of Windows
#

---------------  S U M M A R Y ------------

Command Line: -Djava.awt.headless=true -Dorg.gradle.internal.worker.tmpdir=E:\NavgationGraph\app\build\tmp\testReleaseUnitTest\work -Dorg.gradle.native=false -Xmx512m -Dfile.encoding=UTF-8 -Duser.country=US -Duser.language=en -Duser.variant -ea worker.org.gradle.process.internal.worker.GradleWorkerMain 'Gradle Test Executor 24'

Host: Intel(R) Core(TM) i7-8550U CPU @ 1.80GHz, 8 cores, 19G,  Windows 10 , 64 bit Build 19041 (10.0.19041.3393)
Time: Mon Oct  2 16:44:32 2023 Egypt Summer Time elapsed time: 0.010058 seconds (0d 0h 0m 0s)

---------------  T H R E A D  ---------------

Current thread (0x000001099a73ddc0):  JavaThread "Unknown thread" [_thread_in_vm, id=15916, stack(0x0000000100600000,0x0000000100700000)]

Stack: [0x0000000100600000,0x0000000100700000]
Native frames: (J=compiled Java code, j=interpreted, Vv=VM code, C=native code)
V  [jvm.dll+0x683c9a]
V  [jvm.dll+0x8427a4]
V  [jvm.dll+0x843f9e]
V  [jvm.dll+0x844603]
V  [jvm.dll+0x249b75]
V  [jvm.dll+0x680b69]
V  [jvm.dll+0x67505a]
V  [jvm.dll+0x309acb]
V  [jvm.dll+0x310f86]
V  [jvm.dll+0x3608ee]
V  [jvm.dll+0x360b1f]
V  [jvm.dll+0x2dfbf8]
V  [jvm.dll+0x2e0b64]
V  [jvm.dll+0x814091]
V  [jvm.dll+0x36e6a1]
V  [jvm.dll+0x7f35cc]
V  [jvm.dll+0x3f0e8f]
V  [jvm.dll+0x3f29d1]
C  [jli.dll+0x526b]
C  [ucrtbase.dll+0x21bb2]
C  [KERNEL32.DLL+0x17344]
C  [ntdll.dll+0x526b1]


---------------  P R O C E S S  ---------------

Threads class SMR info:
_java_thread_list=0x00007ffc848ac058, length=0, elements={
}

Java Threads: ( => current thread )

Other Threads:
  0x000001099a771b80 GCTaskThread "GC Thread#0" [stack: 0x0000000100700000,0x0000000100800000] [id=14956]
  0x000001099a774aa0 ConcurrentGCThread "G1 Main Marker" [stack: 0x0000000100800000,0x0000000100900000] [id=6476]
  0x000001099a7754b0 ConcurrentGCThread "G1 Conc#0" [stack: 0x0000000100900000,0x0000000100a00000] [id=8652]

[error occurred during error reporting (printing all threads), id 0xc0000005, EXCEPTION_ACCESS_VIOLATION (0xc0000005) at pc=0x00007ffc84060797]

VM state: not at safepoint (not fully initialized)

VM Mutex/Monitor currently owned by a thread:  ([mutex/lock_event])
[0x000001099a736900] Heap_lock - owner thread: 0x000001099a73ddc0

Heap address: 0x00000000e0000000, size: 512 MB, Compressed Oops mode: 32-bit

CDS archive(s) mapped at: [0x0000000000000000-0x0000000000000000-0x0000000000000000), size 0, SharedBaseAddress: 0x0000000800000000, ArchiveRelocationMode: 0.
Narrow klass base: 0x0000000000000000, Narrow klass shift: 0, Narrow klass range: 0x0

GC Precious Log:
<Empty>

Heap:
 garbage-first heap   total 0K, used 0K [0x00000000e0000000, 0x0000000100000000)
  region size 1024K, 0 young (0K), 0 survivors (0K)

[error occurred during error reporting (printing heap information), id 0xc0000005, EXCEPTION_ACCESS_VIOLATION (0xc0000005) at pc=0x00007ffc8444da89]

GC Heap History (0 events):
No events

Dll operation events (1 events):
Event: 0.006 Loaded shared library D:\androidstudio\jbr\bin\java.dll

Deoptimization events (0 events):
No events

Classes unloaded (0 events):
No events

Classes redefined (0 events):
No events

Internal exceptions (0 events):
No events

VM Operations (0 events):
No events

Events (0 events):
No events


Dynamic libraries:
0x00007ff639e10000 - 0x00007ff639e1a000 	D:\androidstudio\jbr\bin\java.exe
0x00007ffccf830000 - 0x00007ffccfa28000 	C:\WINDOWS\SYSTEM32\ntdll.dll
0x00007ffccdfe0000 - 0x00007ffcce09d000 	C:\WINDOWS\System32\KERNEL32.DLL
0x00007ffcccf10000 - 0x00007ffccd206000 	C:\WINDOWS\System32\KERNELBASE.dll
0x00007ffccd350000 - 0x00007ffccd450000 	C:\WINDOWS\System32\ucrtbase.dll
0x00007ffcbd6b0000 - 0x00007ffcbd6c7000 	D:\androidstudio\jbr\bin\jli.dll
0x00007ffcc4dd0000 - 0x00007ffcc4deb000 	D:\androidstudio\jbr\bin\VCRUNTIME140.dll
0x00007ffcce7d0000 - 0x00007ffcce96e000 	C:\WINDOWS\System32\USER32.dll
0x00007ffcb68a0000 - 0x00007ffcb6b3a000 	C:\WINDOWS\WinSxS\amd64_microsoft.windows.common-controls_6595b64144ccf1df_6.0.19041.1110_none_60b5254171f9507e\COMCTL32.dll
0x00007ffccd680000 - 0x00007ffccd6a2000 	C:\WINDOWS\System32\win32u.dll
0x00007ffccedd0000 - 0x00007ffccee6e000 	C:\WINDOWS\System32\msvcrt.dll
0x00007ffcce970000 - 0x00007ffcce99c000 	C:\WINDOWS\System32\GDI32.dll
0x00007ffccd450000 - 0x00007ffccd56a000 	C:\WINDOWS\System32\gdi32full.dll
0x00007ffccd5e0000 - 0x00007ffccd67d000 	C:\WINDOWS\System32\msvcp_win.dll
0x00007ffccef10000 - 0x00007ffccef40000 	C:\WINDOWS\System32\IMM32.DLL
0x00007ffcbac40000 - 0x00007ffcbac4c000 	D:\androidstudio\jbr\bin\vcruntime140_1.dll
0x00007ffcb4ab0000 - 0x00007ffcb4b3d000 	D:\androidstudio\jbr\bin\msvcp140.dll
0x00007ffc83d70000 - 0x00007ffc849de000 	D:\androidstudio\jbr\bin\server\jvm.dll
0x00007ffccefd0000 - 0x00007ffccf07e000 	C:\WINDOWS\System32\ADVAPI32.dll
0x00007ffccee70000 - 0x00007ffccef0c000 	C:\WINDOWS\System32\sechost.dll
0x00007ffccf440000 - 0x00007ffccf566000 	C:\WINDOWS\System32\RPCRT4.dll
0x00007ffcb86e0000 - 0x00007ffcb86e9000 	C:\WINDOWS\SYSTEM32\WSOCK32.dll
0x00007ffcb62a0000 - 0x00007ffcb62c7000 	C:\WINDOWS\SYSTEM32\WINMM.dll
0x00007ffcc6860000 - 0x00007ffcc686a000 	C:\WINDOWS\SYSTEM32\VERSION.dll
0x00007ffcced50000 - 0x00007ffccedbb000 	C:\WINDOWS\System32\WS2_32.dll
0x00007ffccb750000 - 0x00007ffccb762000 	C:\WINDOWS\SYSTEM32\kernel.appcore.dll
0x00007ffcc83d0000 - 0x00007ffcc83da000 	D:\androidstudio\jbr\bin\jimage.dll
0x00007ffccac60000 - 0x00007ffccae44000 	C:\WINDOWS\SYSTEM32\DBGHELP.DLL
0x00007ffca6f60000 - 0x00007ffca6f94000 	C:\WINDOWS\SYSTEM32\dbgcore.DLL
0x00007ffccd210000 - 0x00007ffccd292000 	C:\WINDOWS\System32\bcryptPrimitives.dll
0x00007ffcbd6d0000 - 0x00007ffcbd6f5000 	D:\androidstudio\jbr\bin\java.dll

dbghelp: loaded successfully - version: 4.0.5 - missing functions: none
symbol engine: initialized successfully - sym options: 0x614 - pdb path: .;D:\androidstudio\jbr\bin;C:\WINDOWS\SYSTEM32;C:\WINDOWS\WinSxS\amd64_microsoft.windows.common-controls_6595b64144ccf1df_6.0.19041.1110_none_60b5254171f9507e;D:\androidstudio\jbr\bin\server

VM Arguments:
jvm_args: -Djava.awt.headless=true -Dorg.gradle.internal.worker.tmpdir=E:\NavgationGraph\app\build\tmp\testReleaseUnitTest\work -Dorg.gradle.native=false -Xmx512m -Dfile.encoding=UTF-8 -Duser.country=US -Duser.language=en -Duser.variant -ea 
java_command: worker.org.gradle.process.internal.worker.GradleWorkerMain 'Gradle Test Executor 24'
java_class_path (initial): E:\picAmeca_Luffy\New folder\gradle-7.3.3-bin\caches\8.0\workerMain\gradle-worker.jar;E:\NavgationGraph\app\build\tmp\kotlin-classes\releaseUnitTest;E:\NavgationGraph\app\build\intermediates\java_res\releaseUnitTest\out;E:\NavgationGraph\app\build\intermediates\runtime_app_classes_jar\release\classes.jar;E:\picAmeca_Luffy\New folder\gradle-7.3.3-bin\caches\transforms-3\490e24410565a775df74f55e87f4aa5d\transformed\jetified-kotlin-parcelize-runtime-1.9.0.jar;E:\picAmeca_Luffy\New folder\gradle-7.3.3-bin\caches\transforms-3\c6a04f491959d936a4b5c5bbd9c9653f\transformed\jetified-junit-4.13.2.jar;E:\picAmeca_Luffy\New folder\gradle-7.3.3-bin\caches\transforms-3\9db3ce899b07262525e2f8c0f6de2a4a\transformed\databinding-adapters-8.1.2-runtime.jar;E:\picAmeca_Luffy\New folder\gradle-7.3.3-bin\caches\transforms-3\a94f30d9311cf611381ce9d88e95a748\transformed\jetified-databinding-ktx-8.1.2-runtime.jar;E:\picAmeca_Luffy\New folder\gradle-7.3.3-bin\caches\transforms-3\aeb4631baa39d94435217ae50dcfb281\transformed\databinding-runtime-8.1.2-runtime.jar;E:\picAmeca_Luffy\New folder\gradle-7.3.3-bin\caches\transforms-3\6e1b085d9c77519b079b9c6f532d3cb2\transformed\jetified-viewbinding-8.1.2-runtime.jar;E:\picAmeca_Luffy\New folder\gradle-7.3.3-bin\caches\modules-2\files-2.1\androidx.databinding\databinding-common\8.1.2\2be3530b78477835e69dce953b17adc1dbc5c6fa\databinding-common-8.1.2.jar;E:\picAmeca_Luffy\New folder\gradle-7.3.3-bin\caches\transforms-3\6be3d2b802bfbd353fe3f12527b42f0d\transformed\jetified-kotlinx-coroutines-core-jvm-1.6.4.jar;E:\picAmeca_Luffy\New folder\gradle-7.3.3-bin\caches\transforms-3\d2ef538dfc6777fbb0382f9df1482dd3\transformed\navigation-common-2.7.3-runtime.jar;E:\picAmeca_Luffy\New folder\gradle-7.3.3-bin\caches\transforms-3\24427c8a68ffffd5a0b87875eb9037e1\transformed\navigation-common-ktx-2.7.3-runtime.jar;E:\picAmeca_Luffy\New folder\gradle-7.3.3-bin\caches\transforms-3\ce8f42afe5596c5dcb101ead2d68d523\transformed\navigation-ui-
Launcher Type: SUN_STANDARD

[Global flags]
     intx CICompilerCount                          = 4                                         {product} {ergonomic}
     uint ConcGCThreads                            = 2                                         {product} {ergonomic}
     uint G1ConcRefinementThreads                  = 8                                         {product} {ergonomic}
   size_t G1HeapRegionSize                         = 1048576                                   {product} {ergonomic}
    uintx GCDrainStackTargetSize                   = 64                                        {product} {ergonomic}
   size_t InitialHeapSize                          = 333447168                                 {product} {ergonomic}
   size_t MarkStackSize                            = 4194304                                   {product} {ergonomic}
   size_t MaxHeapSize                              = 536870912                                 {product} {command line}
   size_t MinHeapDeltaBytes                        = 1048576                                   {product} {ergonomic}
   size_t MinHeapSize                              = 8388608                                   {product} {ergonomic}
    uintx NonNMethodCodeHeapSize                   = 5839372                                {pd product} {ergonomic}
    uintx NonProfiledCodeHeapSize                  = 122909434                              {pd product} {ergonomic}
    uintx ProfiledCodeHeapSize                     = 122909434                              {pd product} {ergonomic}
    uintx ReservedCodeCacheSize                    = 251658240                              {pd product} {ergonomic}
     bool SegmentedCodeCache                       = true                                      {product} {ergonomic}
   size_t SoftMaxHeapSize                          = 536870912                              {manageable} {ergonomic}
     bool UseCompressedClassPointers               = true                           {product lp64_product} {ergonomic}
     bool UseCompressedOops                        = true                           {product lp64_product} {ergonomic}
     bool UseG1GC                                  = true                                      {product} {ergonomic}
     bool UseLargePagesIndividualAllocation        = false                                  {pd product} {ergonomic}

Logging:
Log output configuration:
 #0: stdout all=warning uptime,level,tags
 #1: stderr all=off uptime,level,tags

Environment Variables:
JAVA_HOME=C:\Program Files\Android\Android Studio\jre\
PATH=C:\Program Files\Common Files\Oracle\Java\javapath;C:\WINDOWS\system32;C:\WINDOWS;C:\WINDOWS\System32\Wbem;C:\WINDOWS\System32\WindowsPowerShell\v1.0\;C:\WINDOWS\System32\OpenSSH\;C:\Program Files\Microsoft SQL Server\150\Tools\Binn\;C:\Program Files\Microsoft SQL Server\Client SDK\ODBC\170\Tools\Binn\;C:\ProgramData\chocolatey\bin;C:\Program Files (x86)\Microsoft SQL Server\150\DTS\Binn\;C:\Program Files (x86)\Microsoft SQL Server\150\Tools\Binn\;C:\Program Files\Microsoft SQL Server\150\DTS\Binn\;C:\Program Files\apache-maven-3.8.6-bin\apache-maven-3.8.6\bin;C:\Program Files\Java\jdk-19\bin;C:\Program Files (x86)\nodejs\;C:\Program Files (x86)\Intel\Intel(R) Management Engine Components\DAL;C:\Program Files\Intel\Intel(R) Management Engine Components\DAL;C:\Program Files\Dart\dart-sdk\bin;C:\flutter\bin;C:\Program Files\Git\cmd;C:\Users\mervat taha\AppData\Local\Programs\Python\Python311\Scripts\;C:\Users\mervat taha\AppData\Local\Programs\Python\Python311\;C:\Users\mervat taha\AppData\Local\Microsoft\WindowsApps;C:\Users\mervat taha\AppData\Local\Programs\Microsoft VS Code\bin;C:\Program Files\Azure Data Studio\bin;E:\kubee;C:\Program Files\Java\jdk-18.0.2.1;C:\Program Files\Java\jdk-19;C:\Users\mervat taha\AppData\Roaming\npm;C:\Users\mervat taha\AppData\Local\GitHubDesktop\bin;C:\Program Files\Dart\dart-sdk;
USERNAME=mervat taha
OS=Windows_NT
PROCESSOR_IDENTIFIER=Intel64 Family 6 Model 142 Stepping 10, GenuineIntel
TMP=C:\Users\MERVAT~1\AppData\Local\Temp
TEMP=C:\Users\MERVAT~1\AppData\Local\Temp


JNI global refs:

[error occurred during error reporting (JNI global references), id 0xc0000005, EXCEPTION_ACCESS_VIOLATION (0xc0000005) at pc=0x00007ffc83e27a10]


---------------  S Y S T E M  ---------------

OS:
 Windows 10 , 64 bit Build 19041 (10.0.19041.3393)
OS uptime: 0 days 7:45 hours
Hyper-V role detected

CPU: total 8 (initial active 8) (4 cores per cpu, 2 threads per core) family 6 model 142 stepping 10 microcode 0xf0, cx8, cmov, fxsr, ht, mmx, 3dnowpref, sse, sse2, sse3, ssse3, sse4.1, sse4.2, popcnt, lzcnt, tsc, tscinvbit, avx, avx2, aes, erms, clmul, bmi1, bmi2, adx, fma, vzeroupper, clflush, clflushopt, hv

Memory: 4k page, system-wide physical 20342M (3265M free)
TotalPageFile size 22390M (AvailPageFile size 300M)
current process WorkingSet (physical memory assigned to process): 10M, peak: 10M
current process commit charge ("private bytes"): 59M, peak: 377M

vm_info: OpenJDK 64-Bit Server VM (17.0.6+0-b2043.56-10027231) for windows-amd64 JRE (17.0.6+0-b2043.56-10027231), built on Apr 28 2023 00:43:19 by "androidbuild" with MS VC++ 16.10 / 16.11 (VS2019)

END.
